wb_ov5640_helper.adb:1:12: warning: unit "System.Address_To_Access_Conversions" is not referenced [-gnatwu]
wb_ov5640_helper.adb:2:12: warning: unit "System.Storage_Elements" is not referenced [-gnatwu]
wb_ov5640_helper.adb:4:25: warning: no entities of "Input_Output_Helper.Utils" are referenced [-gnatwu]
wb_ov5640_helper.adb:4:33: warning: use clause for package "Utils" has no effect [-gnatwu]
wb_ov5640_helper.adb:10:06: (style) two spaces required [-gnatyc]
wb_ov5640_helper.adb:12:21: (style) "in" should be omitted [-gnatyI]
wb_ov5640_helper.adb:21:06: (style) two spaces required [-gnatyc]
wb_ov5640_helper.adb:27:06: (style) two spaces required [-gnatyc]
wb_ov5640_helper.adb:32:09: (style) two spaces required [-gnatyc]
wb_ov5640_helper.adb:36:06: (style) two spaces required [-gnatyc]
wb_ov5640_helper.adb:41:17: (style) space required [-gnatyc]
wb_ov5640_helper.adb:44:06: (style) two spaces required [-gnatyc]
wb_ov5640_helper.adb:49:17: (style) space required [-gnatyc]
wb_ov5640_helper.adb:52:06: (style) two spaces required [-gnatyc]
wb_ov5640_helper.adb:59:01: (style) multiple blank lines [-gnatyu]
wb_ov5640_helper.adb:61:06: (style) two spaces required [-gnatyc]
wb_ov5640_helper.adb:64:13: (style) redundant parentheses [-gnatyx]
wb_ov5640_helper.adb:68:06: (style) two spaces required [-gnatyc]
wb_ov5640_helper.adb:74:46: (style) space required [-gnatyc]
wb_ov5640_helper.adb:76:04: (style) "end Wait_While_Camera_Done" required [-gnatye]
wb_ov5640_helper.adb:84:12: (style) two spaces required [-gnatyc]
wb_ov5640_helper.adb:85:20: (style) redundant parentheses [-gnatyx]
wb_ov5640_helper.adb:88:13: (style) redundant parentheses [-gnatyx]
wb_ov5640_helper.adb:95:06: (style) two spaces required [-gnatyc]
wb_ov5640_helper.adb:101:23: (style) space required [-gnatyc]
wb_ov5640_helper.adb:104:06: (style) two spaces required [-gnatyc]
wb_ov5640_helper.adb:108:10: (style) redundant parentheses [-gnatyx]
wb_ov5640_helper.adb:112:50: (style) space required [-gnatyc]
wb_ov5640_helper.adb:115:23: (style) redundant parentheses [-gnatyx]
wb_ov5640_helper.adb:127:01: (style) multiple blank lines [-gnatyu]
wb_ov5640_helper.ads:1:06: warning: unit "Interfaces" is not referenced in spec [-gnatwu]
wb_ov5640_helper.ads:1:06: warning: with clause might be moved to body [-gnatwu]
wb_ov5640_helper.ads:2:06: warning: no entities of "System" are referenced in spec [-gnatwu]
wb_ov5640_helper.ads:2:06: warning: with clause might be moved to body [-gnatwu]
wb_ov5640_helper.ads:3:06: (style) bad casing of "Input_Output_Helper" declared at input_output_helper.ads:6 [-gnatyr]
wb_ov5640_helper.ads:3:31: (style) bad casing of "Input_Output_Helper" declared at input_output_helper.ads:6 [-gnatyr]
wb_ov5640_helper.ads:11:80: (style) this line is too long [-gnatyM]
wb_ov5640_helper.ads:14:80: (style) this line is too long [-gnatyM]
wb_ov5640_helper.ads:22:80: (style) this line is too long [-gnatyM]
wb_ov5640_helper.ads:25:80: (style) this line is too long [-gnatyM]
wb_ov5640_helper.ads:29:80: (style) this line is too long [-gnatyM]
wb_ov5640_helper.ads:32:80: (style) this line is too long [-gnatyM]
wb_ov5640_helper.ads:35:80: (style) this line is too long [-gnatyM]
wb_ov5640_helper.ads:38:80: (style) this line is too long [-gnatyM]
wb_ov5640_helper.ads:39:01: (style) trailing spaces not permitted [-gnatyb]
wb_ov5640_helper.ads:40:01: (style) trailing spaces not permitted [-gnatyb]
wb_ov5640_helper.ads:43:01: (style) trailing spaces not permitted [-gnatyb]
wb_ov5640_helper.ads:46:22: (style) "in" should be omitted [-gnatyI]
wb_ov5640_helper.ads:47:22: (style) "in" should be omitted [-gnatyI]
wb_ov5640_helper.ads:50:25: (style) space required [-gnatyc]
wb_ov5640_helper.ads:52:39: (style) space required [-gnatyc]
wb_ov5640_helper.ads:55:27: (style) space required [-gnatyc]
wb_ov5640_helper.ads:57:27: (style) space required [-gnatyc]
wb_ov5640_helper.ads:58:48: (style) space required [-gnatyc]
wb_ov5640_helper.ads:59:48: (style) space required [-gnatyc]
wb_ov5640_helper.ads:60:40: (style) trailing spaces not permitted [-gnatyb]
wb_ov5640_helper.ads:61:48: (style) space required [-gnatyc]
wb_ov5640_helper.ads:63:25: (style) space required [-gnatyc]
wb_ov5640_helper.ads:65:23: (style) space required [-gnatyt]
wb_ov5640_helper.ads:69:01: (style) multiple blank lines [-gnatyu]
wb_ov5640_helper.ads:72:06: (style) two spaces required [-gnatyc]
wb_ov5640_helper.ads:73:17: (style) space required [-gnatyt]
wb_ov5640_helper.ads:74:17: (style) space required [-gnatyt]
wb_ov5640_helper.ads:75:17: (style) space required [-gnatyt]
wb_ov5640_helper.ads:77:17: (style) space required [-gnatyt]
wb_ov5640_helper.ads:78:17: (style) space required [-gnatyt]
wb_ov5640_helper.ads:79:17: (style) space required [-gnatyt]
wb_ov5640_helper.ads:80:17: (style) space required [-gnatyt]
wb_ov5640_helper.ads:81:17: (style) space required [-gnatyt]
wb_ov5640_helper.ads:82:17: (style) space required [-gnatyt]
wb_ov5640_helper.ads:84:17: (style) space required [-gnatyt]
wb_ov5640_helper.ads:85:17: (style) space required [-gnatyt]
wb_ov5640_helper.ads:86:17: (style) space required [-gnatyt]
wb_ov5640_helper.ads:87:17: (style) space required [-gnatyt]
